<?xml version="1.0" encoding="UTF-8"?>
<!-- Generated by org.testng.reporters.JUnitXMLReporter -->
<testsuite ignored="0" hostname="LAPTOP-O2KMHTIH" failures="0" tests="4" name="Default test" time="4.737" errors="0" timestamp="2022-10-26T14:19:15 IST">
  <testcase classname="libraryAPI.AddBook" name="addBook" time="2.687"/>
  <testcase classname="libraryAPI.AddBook" name="addBook" time="0.774"/>
  <testcase classname="libraryAPI.AddBook" name="addBook" time="0.608"/>
  <testcase classname="libraryAPI.AddBook" name="addBook" time="0.612"/>
</testsuite> <!-- Default test -->
